<?xml version="1.0" encoding="UTF-8"?>
<!-- Generated by org.testng.reporters.JUnitXMLReporter -->
<testsuite ignored="0" hostname="DESKTOP-2JNM51R" failures="4" tests="4" name="PetTests" time="5.095" errors="0" timestamp="2026-03-25T13:16:02 IST">
  <testcase classname="api.test.UserTests2" name="testPostUser" time="2.104">
    <failure type="java.lang.IllegalArgumentException" message="object cannot be null">
      <![CDATA[java.lang.IllegalArgumentException: object cannot be null
at org.codehaus.groovy.vmplugin.v8.IndyInterface.fromCache(IndyInterface.java:344)
at io.restassured.internal.common.assertion.AssertParameter.notNull(AssertParameter.groovy:26)
at org.codehaus.groovy.vmplugin.v8.IndyInterface.fromCache(IndyInterface.java:344)
at io.restassured.internal.RequestSpecificationImpl.body(RequestSpecificationImpl.groovy:852)
at api.endpoints.UserEndPoints2.createUser(UserEndPoints2.java:37)
at api.test.UserTests2.testPostUser(UserTests2.java:56)
at java.base/java.util.ArrayList.forEach(ArrayList.java:1596)
... Removed 25 stack frames]]>
    </failure>
  </testcase> <!-- testPostUser -->
  <testcase classname="api.test.UserTests2" name="testgetUserByName" time="0.004">
    <failure type="java.lang.NullPointerException" message="Cannot invoke &amp;quot;api.payload.User.getUsername()&amp;quot; because &amp;quot;this.userPayload&amp;quot; is null">
      <![CDATA[java.lang.NullPointerException: Cannot invoke "api.payload.User.getUsername()" because "this.userPayload" is null
at api.test.UserTests2.testgetUserByName(UserTests2.java:70)
at java.base/java.util.ArrayList.forEach(ArrayList.java:1596)
... Removed 25 stack frames]]>
    </failure>
  </testcase> <!-- testgetUserByName -->
  <testcase classname="api.test.UserTests2" name="testUpdateUserByName" time="0.002">
    <failure type="java.lang.NullPointerException" message="Cannot invoke &amp;quot;com.github.javafaker.Faker.name()&amp;quot; because &amp;quot;this.faker&amp;quot; is null">
      <![CDATA[java.lang.NullPointerException: Cannot invoke "com.github.javafaker.Faker.name()" because "this.faker" is null
at api.test.UserTests2.testUpdateUserByName(UserTests2.java:88)
at java.base/java.util.ArrayList.forEach(ArrayList.java:1596)
... Removed 25 stack frames]]>
    </failure>
  </testcase> <!-- testUpdateUserByName -->
  <testcase classname="api.test.UserTests2" name="testDeleteUserByName" time="0.004">
    <failure type="java.lang.NullPointerException" message="Cannot invoke &amp;quot;api.payload.User.getUsername()&amp;quot; because &amp;quot;this.userPayload&amp;quot; is null">
      <![CDATA[java.lang.NullPointerException: Cannot invoke "api.payload.User.getUsername()" because "this.userPayload" is null
at api.test.UserTests2.testDeleteUserByName(UserTests2.java:116)
at java.base/java.util.ArrayList.forEach(ArrayList.java:1596)
... Removed 25 stack frames]]>
    </failure>
  </testcase> <!-- testDeleteUserByName -->
</testsuite> <!-- PetTests -->
